<?xml version="1.0" encoding="UTF-8"?>
<testsuite xmlns:xsi="http://www.w3.org/2001/XMLSchema-instance" xsi:noNamespaceSchemaLocation="https://maven.apache.org/surefire/maven-surefire-plugin/xsd/surefire-test-report-3.0.xsd" version="3.0" name="TestSuite" time="3.58" tests="42" errors="0" skipped="39" failures="3">
  <properties>
[...]
</properties>
  <testcase name="setUp" classname="AmazonTest" time="0.362">
    <failure message="&#10;Parameter &apos;browser&apos; is required by BeforeTest on method setUp but has not been marked @Optional or defined&#10;" type="org.testng.TestNGException"><![CDATA[org.testng.TestNGException: 

Parameter 'browser' is required by BeforeTest on method setUp but has not been marked @Optional or defined

	at org.testng.internal.Parameters.createParams(Parameters.java:264)
	at org.testng.internal.Parameters.createParametersForMethod(Parameters.java:352)
	at org.testng.internal.Parameters.createParameters(Parameters.java:690)
	at org.testng.internal.Parameters.createConfigurationParameters(Parameters.java:163)
	at org.testng.internal.invokers.ConfigInvoker.invokeConfigurations(ConfigInvoker.java:313)
	at org.testng.TestRunner.invokeTestConfigurations(TestRunner.java:657)
	at org.testng.TestRunner.beforeRun(TestRunner.java:646)
	at org.testng.TestRunner.run(TestRunner.java:612)
	at org.testng.SuiteRunner.runTest(SuiteRunner.java:421)
	at org.testng.SuiteRunner.runSequentially(SuiteRunner.java:413)
	at org.testng.SuiteRunner.privateRun(SuiteRunner.java:373)
	at org.testng.SuiteRunner.run(SuiteRunner.java:312)
	at org.testng.SuiteRunnerWorker.runSuite(SuiteRunnerWorker.java:52)
	at org.testng.SuiteRunnerWorker.run(SuiteRunnerWorker.java:95)
	at org.testng.TestNG.runSuitesSequentially(TestNG.java:1274)
	at org.testng.TestNG.runSuitesLocally(TestNG.java:1208)
	at org.testng.TestNG.runSuites(TestNG.java:1112)
	at org.testng.TestNG.run(TestNG.java:1079)
	at org.apache.maven.surefire.testng.TestNGExecutor.run(TestNGExecutor.java:155)
	at org.apache.maven.surefire.testng.TestNGDirectoryTestSuite.executeMulti(TestNGDirectoryTestSuite.java:169)
	at org.apache.maven.surefire.testng.TestNGDirectoryTestSuite.execute(TestNGDirectoryTestSuite.java:88)
	at org.apache.maven.surefire.testng.TestNGProvider.invoke(TestNGProvider.java:137)
	at org.apache.maven.surefire.booter.ForkedBooter.runSuitesInProcess(ForkedBooter.java:385)
	at org.apache.maven.surefire.booter.ForkedBooter.execute(ForkedBooter.java:162)
	at org.apache.maven.surefire.booter.ForkedBooter.run(ForkedBooter.java:507)
	at org.apache.maven.surefire.booter.ForkedBooter.main(ForkedBooter.java:495)
]]></failure>
    <system-err><![CDATA[SLF4J(W): No SLF4J providers were found.
SLF4J(W): Defaulting to no-operation (NOP) logger implementation
SLF4J(W): See https://www.slf4j.org/codes.html#noProviders for further details.
]]></system-err>
  </testcase>
  <testcase name="searchProduct" classname="AmazonTest" time="0.372">
    <failure message="&#10;Parameter &apos;browser&apos; is required by @Test on method searchProduct but has not been marked @Optional or defined&#10;" type="org.testng.TestNGException"><![CDATA[org.testng.TestNGException: 

Parameter 'browser' is required by @Test on method searchProduct but has not been marked @Optional or defined

	at org.testng.internal.Parameters.createParams(Parameters.java:264)
	at org.testng.internal.Parameters.createParametersForMethod(Parameters.java:352)
	at org.testng.internal.Parameters.createParameters(Parameters.java:690)
	at org.testng.internal.Parameters.handleParameters(Parameters.java:885)
	at org.testng.internal.Parameters.handleParameters(Parameters.java:734)
	at org.testng.internal.invokers.ParameterHandler.handleParameters(ParameterHandler.java:72)
	at org.testng.internal.invokers.ParameterHandler.createParameters(ParameterHandler.java:51)
	at org.testng.internal.invokers.TestInvoker$MethodInvocationAgent.invoke(TestInvoker.java:949)
	at org.testng.internal.invokers.TestInvoker.invokeTestMethods(TestInvoker.java:203)
	at org.testng.internal.invokers.TestMethodWorker.invokeTestMethods(TestMethodWorker.java:154)
	at org.testng.internal.invokers.TestMethodWorker.run(TestMethodWorker.java:134)
	at java.base/java.util.ArrayList.forEach(ArrayList.java:1597)
	at org.testng.TestRunner.privateRun(TestRunner.java:741)
	at org.testng.TestRunner.run(TestRunner.java:616)
	at org.testng.SuiteRunner.runTest(SuiteRunner.java:421)
	at org.testng.SuiteRunner.runSequentially(SuiteRunner.java:413)
	at org.testng.SuiteRunner.privateRun(SuiteRunner.java:373)
	at org.testng.SuiteRunner.run(SuiteRunner.java:312)
	at org.testng.SuiteRunnerWorker.runSuite(SuiteRunnerWorker.java:52)
	at org.testng.SuiteRunnerWorker.run(SuiteRunnerWorker.java:95)
	at org.testng.TestNG.runSuitesSequentially(TestNG.java:1274)
	at org.testng.TestNG.runSuitesLocally(TestNG.java:1208)
	at org.testng.TestNG.runSuites(TestNG.java:1112)
	at org.testng.TestNG.run(TestNG.java:1079)
	at org.apache.maven.surefire.testng.TestNGExecutor.run(TestNGExecutor.java:155)
	at org.apache.maven.surefire.testng.TestNGDirectoryTestSuite.executeMulti(TestNGDirectoryTestSuite.java:169)
	at org.apache.maven.surefire.testng.TestNGDirectoryTestSuite.execute(TestNGDirectoryTestSuite.java:88)
	at org.apache.maven.surefire.testng.TestNGProvider.invoke(TestNGProvider.java:137)
	at org.apache.maven.surefire.booter.ForkedBooter.runSuitesInProcess(ForkedBooter.java:385)
	at org.apache.maven.surefire.booter.ForkedBooter.execute(ForkedBooter.java:162)
	at org.apache.maven.surefire.booter.ForkedBooter.run(ForkedBooter.java:507)
	at org.apache.maven.surefire.booter.ForkedBooter.main(ForkedBooter.java:495)
]]></failure>
  </testcase>
  <testcase name="tearDown" classname="AmazonTest" time="0.0">
    <skipped/>
  </testcase>
  <testcase name="setUp" classname="tests.AlertsTest" time="0.0">
    <skipped/>
  </testcase>
  <testcase name="testAlert" classname="tests.AlertsTest" time="0.0">
    <skipped message="&#10;Parameter &apos;browser&apos; is required by BeforeTest on method setUp but has not been marked @Optional or defined&#10;"/>
    <system-out><![CDATA[❌ Test Failed: searchProduct
🚀 Test Started: testAlert
]]></system-out>
  </testcase>
  <testcase name="tearDown" classname="tests.AlertsTest" time="0.0">
    <skipped/>
  </testcase>
  <testcase name="setUp" classname="tests.FacebookLoginTest" time="0.0">
    <skipped/>
  </testcase>
  <testcase name="testLoginFunctionality" classname="tests.FacebookLoginTest" time="0.0">
    <skipped message="&#10;Parameter &apos;browser&apos; is required by BeforeTest on method setUp but has not been marked @Optional or defined&#10;"/>
    <system-out><![CDATA[⚠️ Test Skipped: testAlert
🚀 Test Started: testLoginFunctionality
]]></system-out>
  </testcase>
  <testcase name="tearDown" classname="tests.FacebookLoginTest" time="0.0">
    <skipped/>
  </testcase>
  <testcase name="setUp" classname="tests.IframTest" time="0.0">
    <skipped/>
  </testcase>
  <testcase name="testIfram" classname="tests.IframTest" time="0.001">
    <failure message="&#10;Cannot inject @Test annotated Method [testIfram] with [class java.lang.String].&#10;For more information on native dependency injection please refer to https://testng.org/#_dependency_injection" type="org.testng.TestNGException"><![CDATA[org.testng.TestNGException: 

Cannot inject @Test annotated Method [testIfram] with [class java.lang.String].
For more information on native dependency injection please refer to https://testng.org/#_dependency_injection
	at org.testng.internal.Parameters.checkParameterTypes(Parameters.java:442)
	at org.testng.internal.Parameters.createParametersForMethod(Parameters.java:347)
	at org.testng.internal.Parameters.createParameters(Parameters.java:699)
	at org.testng.internal.Parameters.handleParameters(Parameters.java:885)
	at org.testng.internal.Parameters.handleParameters(Parameters.java:734)
	at org.testng.internal.invokers.ParameterHandler.handleParameters(ParameterHandler.java:72)
	at org.testng.internal.invokers.ParameterHandler.createParameters(ParameterHandler.java:51)
	at org.testng.internal.invokers.TestInvoker$MethodInvocationAgent.invoke(TestInvoker.java:949)
	at org.testng.internal.invokers.TestInvoker.invokeTestMethods(TestInvoker.java:203)
	at org.testng.internal.invokers.TestMethodWorker.invokeTestMethods(TestMethodWorker.java:154)
	at org.testng.internal.invokers.TestMethodWorker.run(TestMethodWorker.java:134)
	at java.base/java.util.ArrayList.forEach(ArrayList.java:1597)
	at org.testng.TestRunner.privateRun(TestRunner.java:741)
	at org.testng.TestRunner.run(TestRunner.java:616)
	at org.testng.SuiteRunner.runTest(SuiteRunner.java:421)
	at org.testng.SuiteRunner.runSequentially(SuiteRunner.java:413)
	at org.testng.SuiteRunner.privateRun(SuiteRunner.java:373)
	at org.testng.SuiteRunner.run(SuiteRunner.java:312)
	at org.testng.SuiteRunnerWorker.runSuite(SuiteRunnerWorker.java:52)
	at org.testng.SuiteRunnerWorker.run(SuiteRunnerWorker.java:95)
	at org.testng.TestNG.runSuitesSequentially(TestNG.java:1274)
	at org.testng.TestNG.runSuitesLocally(TestNG.java:1208)
	at org.testng.TestNG.runSuites(TestNG.java:1112)
	at org.testng.TestNG.run(TestNG.java:1079)
	at org.apache.maven.surefire.testng.TestNGExecutor.run(TestNGExecutor.java:155)
	at org.apache.maven.surefire.testng.TestNGDirectoryTestSuite.executeMulti(TestNGDirectoryTestSuite.java:169)
	at org.apache.maven.surefire.testng.TestNGDirectoryTestSuite.execute(TestNGDirectoryTestSuite.java:88)
	at org.apache.maven.surefire.testng.TestNGProvider.invoke(TestNGProvider.java:137)
	at org.apache.maven.surefire.booter.ForkedBooter.runSuitesInProcess(ForkedBooter.java:385)
	at org.apache.maven.surefire.booter.ForkedBooter.execute(ForkedBooter.java:162)
	at org.apache.maven.surefire.booter.ForkedBooter.run(ForkedBooter.java:507)
	at org.apache.maven.surefire.booter.ForkedBooter.main(ForkedBooter.java:495)
]]></failure>
    <system-out><![CDATA[⚠️ Test Skipped: testRecverLogin
]]></system-out>
  </testcase>
  <testcase name="tearDown" classname="tests.IframTest" time="0.0">
    <skipped/>
  </testcase>
  <testcase name="setUp" classname="tests.InteralDoucmentTest" time="0.0">
    <skipped/>
  </testcase>
  <testcase name="testLogin" classname="tests.InteralDoucmentTest" time="0.0">
    <skipped message="&#10;Parameter &apos;browser&apos; is required by BeforeTest on method setUp but has not been marked @Optional or defined&#10;"/>
    <system-out><![CDATA[❌ Test Failed: testIfram
🚀 Test Started: testLogin
]]></system-out>
  </testcase>
  <testcase name="creatInternalDocumentTest" classname="tests.InteralDoucmentTest" time="0.0">
    <skipped message="Method tests.InteralDoucmentTest.creatInternalDocumentTest() on instance tests.InteralDoucmentTest@344f4dea depends on not successfully finished methods &#10;[tests.InteralDoucmentTest.testLogin() on instance tests.InteralDoucmentTest@344f4dea]"/>
    <system-out><![CDATA[⚠️ Test Skipped: testLogin
🚀 Test Started: creatInternalDocumentTest
]]></system-out>
  </testcase>
  <testcase name="tearDown" classname="tests.InteralDoucmentTest" time="0.0">
    <skipped/>
  </testcase>
  <testcase name="setup" classname="tests.LoginTest" time="0.0">
    <skipped/>
  </testcase>
  <testcase name="testLogin[user2, test456](1)" classname="tests.LoginTest" time="0.0">
    <skipped message="&#10;Parameter &apos;browser&apos; is required by BeforeTest on method setUp but has not been marked @Optional or defined&#10;"/>
    <system-out><![CDATA[⚠️ Test Skipped: testLoginFunctionality
🚀 Test Started: testLogin
]]></system-out>
  </testcase>
  <testcase name="testLogin[user3, demo789](2)" classname="tests.LoginTest" time="0.0">
    <skipped message="&#10;Parameter &apos;browser&apos; is required by BeforeTest on method setUp but has not been marked @Optional or defined&#10;"/>
    <system-out><![CDATA[⚠️ Test Skipped: testLogin
🚀 Test Started: testLogin
]]></system-out>
  </testcase>
  <testcase name="testLogin[user4, demo790](3)" classname="tests.LoginTest" time="0.0">
    <skipped message="&#10;Parameter &apos;browser&apos; is required by BeforeTest on method setUp but has not been marked @Optional or defined&#10;"/>
    <system-out><![CDATA[⚠️ Test Skipped: testLogin
🚀 Test Started: testLogin
]]></system-out>
  </testcase>
  <testcase name="tearDown" classname="tests.LoginTest" time="0.0">
    <skipped/>
  </testcase>
  <testcase name="setUp" classname="tests.MercalExternalWorkFlowlTest" time="0.0">
    <skipped/>
  </testcase>
  <testcase name="testLogin" classname="tests.MercalExternalWorkFlowlTest" time="0.0">
    <skipped message="&#10;Parameter &apos;browser&apos; is required by BeforeTest on method setUp but has not been marked @Optional or defined&#10;"/>
    <system-out><![CDATA[⚠️ Test Skipped: testLogin
🚀 Test Started: testLogin
]]></system-out>
  </testcase>
  <testcase name="testOpenNote" classname="tests.MercalExternalWorkFlowlTest" time="0.0">
    <skipped message="Method tests.MercalExternalWorkFlowlTest.testOpenNote() on instance tests.MercalExternalWorkFlowlTest@6e4566f1 depends on not successfully finished methods &#10;[tests.MercalExternalWorkFlowlTest.testLogin() on instance tests.MercalExternalWorkFlowlTest@6e4566f1]"/>
    <system-out><![CDATA[⚠️ Test Skipped: testLogin
🚀 Test Started: testOpenNote
]]></system-out>
  </testcase>
  <testcase name="CreatExternalNote" classname="tests.MercalExternalWorkFlowlTest" time="0.0">
    <skipped message="Method tests.MercalExternalWorkFlowlTest.CreatExternalNote() on instance tests.MercalExternalWorkFlowlTest@6e4566f1 depends on not successfully finished methods &#10;[tests.MercalExternalWorkFlowlTest.testOpenNote() on instance tests.MercalExternalWorkFlowlTest@6e4566f1]"/>
    <system-out><![CDATA[⚠️ Test Skipped: testOpenNote
🚀 Test Started: CreatExternalNote
]]></system-out>
  </testcase>
  <testcase name="testRecverLogin" classname="tests.MercalExternalWorkFlowlTest" time="0.0">
    <skipped message="Method tests.MercalExternalWorkFlowlTest.testRecverLogin() on instance tests.MercalExternalWorkFlowlTest@6e4566f1 depends on not successfully finished methods &#10;[tests.MercalExternalWorkFlowlTest.CreatExternalNote() on instance tests.MercalExternalWorkFlowlTest@6e4566f1]"/>
    <system-out><![CDATA[⚠️ Test Skipped: CreatExternalNote
🚀 Test Started: testRecverLogin
]]></system-out>
  </testcase>
  <testcase name="tearDown" classname="tests.MercalExternalWorkFlowlTest" time="0.0">
    <skipped/>
  </testcase>
  <testcase name="setUp" classname="tests.MercalInternalWorkFlowlTest" time="0.0">
    <skipped/>
  </testcase>
  <testcase name="testLogin" classname="tests.MercalInternalWorkFlowlTest" time="0.0">
    <skipped message="&#10;Parameter &apos;browser&apos; is required by BeforeTest on method setUp but has not been marked @Optional or defined&#10;"/>
    <system-out><![CDATA[⚠️ Test Skipped: googleSearchTest
🚀 Test Started: testLogin
]]></system-out>
  </testcase>
  <testcase name="testOpenNote" classname="tests.MercalInternalWorkFlowlTest" time="0.0">
    <skipped message="Method tests.MercalInternalWorkFlowlTest.testOpenNote() on instance tests.MercalInternalWorkFlowlTest@648c94da depends on not successfully finished methods &#10;[tests.MercalInternalWorkFlowlTest.testLogin() on instance tests.MercalInternalWorkFlowlTest@648c94da]"/>
    <system-out><![CDATA[⚠️ Test Skipped: testLogin
🚀 Test Started: testOpenNote
]]></system-out>
  </testcase>
  <testcase name="CreatInteralNoteTest" classname="tests.MercalInternalWorkFlowlTest" time="0.0">
    <skipped message="Method tests.MercalInternalWorkFlowlTest.CreatInteralNoteTest() on instance tests.MercalInternalWorkFlowlTest@648c94da depends on not successfully finished methods &#10;[tests.MercalInternalWorkFlowlTest.testOpenNote() on instance tests.MercalInternalWorkFlowlTest@648c94da]"/>
    <system-out><![CDATA[⚠️ Test Skipped: testOpenNote
🚀 Test Started: CreatInteralNoteTest
]]></system-out>
  </testcase>
  <testcase name="testRecverLogin" classname="tests.MercalInternalWorkFlowlTest" time="0.0">
    <skipped message="Method tests.MercalInternalWorkFlowlTest.testRecverLogin() on instance tests.MercalInternalWorkFlowlTest@648c94da depends on not successfully finished methods &#10;[tests.MercalInternalWorkFlowlTest.CreatInteralNoteTest() on instance tests.MercalInternalWorkFlowlTest@648c94da]"/>
    <system-out><![CDATA[⚠️ Test Skipped: CreatInteralNoteTest
🚀 Test Started: testRecverLogin
]]></system-out>
  </testcase>
  <testcase name="compleatTaskS1_Test" classname="tests.MercalInternalWorkFlowlTest" time="0.0">
    <skipped message="Method tests.MercalInternalWorkFlowlTest.compleatTaskS1_Test() on instance tests.MercalInternalWorkFlowlTest@648c94da depends on not successfully finished methods &#10;[tests.MercalInternalWorkFlowlTest.testRecverLogin() on instance tests.MercalInternalWorkFlowlTest@648c94da]"/>
    <system-out><![CDATA[⚠️ Test Skipped: testRecverLogin
🚀 Test Started: compleatTaskS1_Test
]]></system-out>
  </testcase>
  <testcase name="compleatTaskS2_Test" classname="tests.MercalInternalWorkFlowlTest" time="0.0">
    <skipped message="Method tests.MercalInternalWorkFlowlTest.compleatTaskS2_Test() on instance tests.MercalInternalWorkFlowlTest@648c94da depends on not successfully finished methods &#10;[tests.MercalInternalWorkFlowlTest.compleatTaskS1_Test() on instance tests.MercalInternalWorkFlowlTest@648c94da]"/>
    <system-out><![CDATA[⚠️ Test Skipped: compleatTaskS1_Test
🚀 Test Started: compleatTaskS2_Test
]]></system-out>
  </testcase>
  <testcase name="tearDown" classname="tests.MercalInternalWorkFlowlTest" time="0.0">
    <skipped/>
  </testcase>
  <testcase name="setUp" classname="tests.SampleTest" time="0.0">
    <skipped/>
  </testcase>
  <testcase name="failedTest" classname="tests.SampleTest" time="0.0">
    <skipped message="&#10;Parameter &apos;browser&apos; is required by BeforeTest on method setUp but has not been marked @Optional or defined&#10;"/>
    <system-out><![CDATA[⚠️ Test Skipped: creatInternalDocumentTest
🚀 Test Started: failedTest
]]></system-out>
  </testcase>
  <testcase name="googleSearchTest" classname="tests.SampleTest" time="0.0">
    <skipped message="&#10;Parameter &apos;browser&apos; is required by BeforeTest on method setUp but has not been marked @Optional or defined&#10;"/>
    <system-out><![CDATA[⚠️ Test Skipped: failedTest
🚀 Test Started: googleSearchTest
]]></system-out>
  </testcase>
  <testcase name="tearDown" classname="tests.SampleTest" time="0.0">
    <skipped/>
  </testcase>
  <testcase name="setup" classname="FacebookSignInTest" time="0.0">
    <skipped/>
    <system-out><![CDATA[⚠️ Test Skipped: compleatTaskS2_Test
]]></system-out>
  </testcase>
  <testcase name="FluentWait" classname="FacebookSignInTest" time="0.0">
    <skipped message="&#10;Parameter &apos;browser&apos; is required by BeforeTest on method setUp but has not been marked @Optional or defined&#10;"/>
    <system-out><![CDATA[🚀 Test Started: FluentWait
]]></system-out>
  </testcase>
  <testcase name="teardown" classname="FacebookSignInTest" time="0.0">
    <skipped/>
    <system-out><![CDATA[⚠️ Test Skipped: FluentWait
]]></system-out>
  </testcase>
</testsuite>